[adicu.com/intro-webdev/index.html]
[backblue.gif]
[fade.gif]
[index.html]
[s3.amazonaws.com/github/ribbons/forkme_right_darkblue_121621.png]
[adicu.com/img/intro-webdev/demo-border.png]
[adicu.com/intro-webdev/python/index.html]
[adicu.com/img/intro-webdev/boxmodel.png]
[adicu.com/img/intro-webdev/demo-margin-padding.png]
[adicu.com/img/intro-webdev/madeyet-1.png]
[adicu.com/img/intro-webdev/madeyet-2.png]
[adicu.com/intro-webdev/index.html]
[www.google-analytics.com/plugins/ga/inpage_linkid.js]
[adicu.com/intro-webdev/python/index.html]
[adicu.com/img/intro-webdev/demo-height-width.png]
[adicu.com/img/intro-webdev/madeyet-1.png]
[adicu.com/img/intro-webdev/madeyet-2.png]
[adicu.com/img/intro-webdev/madeyet-3.png]
[adicu.com/img/intro-webdev/madeyet-1.png]
[adicu.com/img/intro-webdev/madeyet-2.png]
[adicu.com/img/intro-webdev/madeyet-3.png]
