[learnpythonthehardway.org/book/index.html]
[backblue.gif]
[fade.gif]
[index.html]
[learnpythonthehardway.org/book/help.html]
[learnpythonthehardway.org/book/images/logo.png]
[learnpythonthehardway.org/book/preface.html]
[learnpythonthehardway.org/book/intro.html]
[learnpythonthehardway.org/book/ex0.html]
[learnpythonthehardway.org/book/ex1.html]
[learnpythonthehardway.org/book/ex2.html]
[learnpythonthehardway.org/book/ex3.html]
[learnpythonthehardway.org/book/ex4.html]
[learnpythonthehardway.org/book/ex5.html]
[learnpythonthehardway.org/book/ex6.html]
[learnpythonthehardway.org/book/ex7.html]
[learnpythonthehardway.org/book/ex8.html]
[learnpythonthehardway.org/book/ex9.html]
[learnpythonthehardway.org/book/ex10.html]
[learnpythonthehardway.org/book/ex11.html]
[learnpythonthehardway.org/book/ex12.html]
[learnpythonthehardway.org/book/ex14.html]
[learnpythonthehardway.org/book/ex15.html]
[learnpythonthehardway.org/book/ex16.html]
[learnpythonthehardway.org/book/ex13.html]
[learnpythonthehardway.org/book/ex17.html]
[learnpythonthehardway.org/book/ex18.html]
[learnpythonthehardway.org/book/ex19.html]
[learnpythonthehardway.org/book/ex20.html]
[learnpythonthehardway.org/book/ex21.html]
[learnpythonthehardway.org/book/ex22.html]
[learnpythonthehardway.org/book/ex23.html]
[learnpythonthehardway.org/book/ex24.html]
[learnpythonthehardway.org/book/ex25.html]
[learnpythonthehardway.org/book/ex26.html]
[learnpythonthehardway.org/book/ex27.html]
[learnpythonthehardway.org/book/ex28.html]
[learnpythonthehardway.org/book/ex29.html]
[learnpythonthehardway.org/book/ex30.html]
[learnpythonthehardway.org/book/ex31.html]
[learnpythonthehardway.org/book/ex32.html]
[learnpythonthehardway.org/book/ex33.html]
[learnpythonthehardway.org/book/ex34.html]
[learnpythonthehardway.org/book/ex35.html]
[learnpythonthehardway.org/book/ex36.html]
[learnpythonthehardway.org/book/ex37.html]
[learnpythonthehardway.org/book/ex38.html]
[learnpythonthehardway.org/book/ex39.html]
[learnpythonthehardway.org/book/ex40.html]
[learnpythonthehardway.org/book/ex41.html]
[learnpythonthehardway.org/book/ex42.html]
[learnpythonthehardway.org/book/ex43.html]
[learnpythonthehardway.org/book/ex44.html]
[learnpythonthehardway.org/book/ex45.html]
[learnpythonthehardway.org/book/ex46.html]
[learnpythonthehardway.org/book/ex47.html]
[learnpythonthehardway.org/book/ex48.html]
[learnpythonthehardway.org/book/ex49.html]
[learnpythonthehardway.org/book/ex50.html]
[learnpythonthehardway.org/book/ex51.html]
[learnpythonthehardway.org/book/ex52.html]
[learnpythonthehardway.org/book/advice.html]
[learnpythonthehardway.org/book/next.html]
[learnpythonthehardway.org/book/appendixa.html]
[paydiv.io/static/jzed.js]
[paydiv.io/static/js/videojs/video.js]
[paydiv.io/static/js/videojs/video-js.css]
[learnpythonthehardway.org/book/index.html]
[learnpythonthehardway.org/book/stylesheets/foundation.min.css]
[paydiv.io/static/api/v1/paydiv.js]
[learnpythonthehardway.org/book/fonts/fontawesome-webfontba72.eot]
[learnpythonthehardway.org/book/fonts/fontawesome-webfontd41d.eot]
[learnpythonthehardway.org/book/fonts/fontawesome-webfontba72.woff]
[learnpythonthehardway.org/book/fonts/fontawesome-webfontba72.ttf]
[learnpythonthehardway.org/book/stylesheets/font-awesome.min.css]
[learnpythonthehardway.org/book/stylesheets/normalize.css]
[learnpythonthehardway.org/book/fonts/myriadpro-cond.eot]
[learnpythonthehardway.org/book/fonts/myriadpro-cond.woff]
[learnpythonthehardway.org/book/fonts/myriadpro-cond.ttf]
[learnpythonthehardway.org/book/stylesheets/main.css]
[learnpythonthehardway.org/book/stylesheets/pygments.css]
[learnpythonthehardway.org/book/javascripts/modernizr.js]
[learnpythonthehardway.org/book/help.html]
[learnpythonthehardway.org/book/preface.html]
[learnpythonthehardway.org/book/intro.html]
[learnpythonthehardway.org/book/ex0.html]
[learnpythonthehardway.org/book/_static/osx_textwrangler.png]
[learnpythonthehardway.org/book/_static/win_notepadpp_ex1.png]
[learnpythonthehardway.org/book/_static/osx_terminal_ex1.png]
[learnpythonthehardway.org/book/_static/win_powershell_ex1.png]
[learnpythonthehardway.org/book/ex1.html]
[learnpythonthehardway.org/book/ex2.html]
[learnpythonthehardway.org/book/ex3.html]
[learnpythonthehardway.org/book/ex4.html]
[learnpythonthehardway.org/book/ex5.html]
[learnpythonthehardway.org/book/ex6.html]
[learnpythonthehardway.org/book/ex7.html]
[learnpythonthehardway.org/book/ex8.html]
[learnpythonthehardway.org/book/ex9.html]
[learnpythonthehardway.org/book/ex10.html]
[learnpythonthehardway.org/book/ex11.html]
[learnpythonthehardway.org/book/ex12.html]
[learnpythonthehardway.org/book/ex13.html]
[learnpythonthehardway.org/book/ex14.html]
[learnpythonthehardway.org/book/ex15.html]
[learnpythonthehardway.org/book/ex16.html]
[learnpythonthehardway.org/book/ex17.html]
[learnpythonthehardway.org/book/ex18.html]
[learnpythonthehardway.org/book/ex19.html]
[learnpythonthehardway.org/book/ex20.html]
[learnpythonthehardway.org/book/ex21.html]
[learnpythonthehardway.org/book/ex22.html]
[learnpythonthehardway.org/book/ex23.html]
[learnpythonthehardway.org/book/ex24.html]
[learnpythonthehardway.org/book/ex25.html]
[learnpythonthehardway.org/book/exercise26.txt]
[learnpythonthehardway.org/book/ex26.html]
[learnpythonthehardway.org/book/ex27.html]
[learnpythonthehardway.org/book/ex28.html]
[learnpythonthehardway.org/book/ex29.html]
[learnpythonthehardway.org/book/ex30.html]
[learnpythonthehardway.org/book/ex31.html]
[learnpythonthehardway.org/book/ex32.html]
[learnpythonthehardway.org/book/ex33.html]
[learnpythonthehardway.org/book/ex34.html]
[learnpythonthehardway.org/book/ex35.html]
[learnpythonthehardway.org/book/ex36.html]
[learnpythonthehardway.org/book/ex37.html]
[learnpythonthehardway.org/book/ex38.html]
[learnpythonthehardway.org/book/ex39.html]
[learnpythonthehardway.org/book/ex40.html]
[learnpythonthehardway.org/book/ex41.html]
[learnpythonthehardway.org/book/ex42.html]
[learnpythonthehardway.org/book/ex43.html]
[learnpythonthehardway.org/book/ex44.html]
[learnpythonthehardway.org/book/ex45.html]
[learnpythonthehardway.org/book/ex46.html]
[learnpythonthehardway.org/book/ex47.html]
[learnpythonthehardway.org/book/ex48.html]
[learnpythonthehardway.org/book/ex49.html]
[learnpythonthehardway.org/book/ex50.html]
[learnpythonthehardway.org/book/_static/http_request_diagram.png]
[learnpythonthehardway.org/book/ex51.html]
[learnpythonthehardway.org/book/ex52.html]
[learnpythonthehardway.org/book/advice.html]
[learnpythonthehardway.org/book/next.html]
[learnpythonthehardway.org/book/appendix-a-cli/introduction.html]
[learnpythonthehardway.org/book/appendix-a-cli/ex1.html]
[learnpythonthehardway.org/book/appendix-a-cli/ex2.html]
[learnpythonthehardway.org/book/appendix-a-cli/ex3.html]
[learnpythonthehardway.org/book/appendix-a-cli/ex4.html]
[learnpythonthehardway.org/book/appendix-a-cli/ex5.html]
[learnpythonthehardway.org/book/appendix-a-cli/ex6.html]
[learnpythonthehardway.org/book/appendix-a-cli/ex7.html]
[learnpythonthehardway.org/book/appendix-a-cli/ex8.html]
[learnpythonthehardway.org/book/appendix-a-cli/ex9.html]
[learnpythonthehardway.org/book/appendix-a-cli/ex10.html]
[learnpythonthehardway.org/book/appendix-a-cli/ex11.html]
[learnpythonthehardway.org/book/appendix-a-cli/ex12.html]
[learnpythonthehardway.org/book/appendix-a-cli/ex13.html]
[learnpythonthehardway.org/book/appendix-a-cli/ex14.html]
[learnpythonthehardway.org/book/appendix-a-cli/ex15.html]
[learnpythonthehardway.org/book/appendixa.html]
[learnpythonthehardway.org/book/javascripts/jquery.js]
[learnpythonthehardway.org/book/javascripts/foundation.min.js]
[learnpythonthehardway.org/book/javascripts/index.js]
[paydiv.io/static/jzed.js]
[learnpythonthehardway.org/book/appendix-a-cli/next.html]
[learnpythonthehardway.org/book/GET]
[paydiv.io/static/js/videojs/video.js]
[paydiv.io/static/js/videojs/font/vjs.eot]
[paydiv.io/static/js/videojs/font/vjsd41d.eot]
[paydiv.io/static/js/videojs/font/vjs.woff]
[paydiv.io/static/js/videojs/font/vjs.ttf]
[paydiv.io/static/js/videojs/video-js.css]
[paydiv.io/static/api/v1/paydiv.js]
[learnpythonthehardway.org/book/javascripts/app.js]
[learnpythonthehardway.org/book/javascripts/littools.js]
[learnpythonthehardway.org/book/fonts/fontawesome-webfontba72.svg]
[learnpythonthehardway.org/book/fonts/myriadpro-cond.svg]
[learnpythonthehardway.org/book/appendix-a-cli/images/logo.png]
[learnpythonthehardway.org/book/appendix-a-cli/javascripts/littools.js]
[learnpythonthehardway.org/book/appendix-a-cli/introduction.html]
[learnpythonthehardway.org/book/appendix-a-cli/ex1.html]
[learnpythonthehardway.org/book/appendix-a-cli/ex2.html]
[learnpythonthehardway.org/book/appendix-a-cli/ex3.html]
[learnpythonthehardway.org/book/appendix-a-cli/ex4.html]
[learnpythonthehardway.org/book/appendix-a-cli/ex5.html]
[learnpythonthehardway.org/book/appendix-a-cli/ex6.html]
[learnpythonthehardway.org/book/appendix-a-cli/ex7.html]
[learnpythonthehardway.org/book/appendix-a-cli/ex8.html]
[learnpythonthehardway.org/book/appendix-a-cli/ex9.html]
[learnpythonthehardway.org/book/appendix-a-cli/ex10.html]
[learnpythonthehardway.org/book/appendix-a-cli/ex11.html]
[learnpythonthehardway.org/book/appendix-a-cli/ex12.html]
[learnpythonthehardway.org/book/appendix-a-cli/ex13.html]
[learnpythonthehardway.org/book/appendix-a-cli/ex14.html]
[learnpythonthehardway.org/book/appendix-a-cli/ex15.html]
[learnpythonthehardway.org/book/appendix-a-cli/next.html]
[learnpythonthehardway.org/book/GET.html]
[learnpythonthehardway.org/book/appendix-a-cli/stylesheets/foundation.min.css]
[learnpythonthehardway.org/book/appendix-a-cli/fonts/fontawesome-webfontba72.eot]
[learnpythonthehardway.org/book/appendix-a-cli/fonts/fontawesome-webfontd41d.eot]
[learnpythonthehardway.org/book/appendix-a-cli/fonts/fontawesome-webfontba72.woff]
[learnpythonthehardway.org/book/appendix-a-cli/fonts/fontawesome-webfontba72.ttf]
[learnpythonthehardway.org/book/appendix-a-cli/stylesheets/font-awesome.min.css]
[learnpythonthehardway.org/book/appendix-a-cli/stylesheets/normalize.css]
[learnpythonthehardway.org/book/appendix-a-cli/fonts/myriadpro-cond.eot]
[learnpythonthehardway.org/book/appendix-a-cli/fonts/myriadpro-cond.woff]
[learnpythonthehardway.org/book/appendix-a-cli/fonts/myriadpro-cond.ttf]
[learnpythonthehardway.org/book/appendix-a-cli/stylesheets/main.css]
[learnpythonthehardway.org/book/appendix-a-cli/stylesheets/pygments.css]
[learnpythonthehardway.org/book/appendix-a-cli/javascripts/modernizr.js]
[learnpythonthehardway.org/book/appendix-a-cli/javascripts/jquery.js]
[learnpythonthehardway.org/book/appendix-a-cli/javascripts/foundation.min.js]
[learnpythonthehardway.org/book/appendix-a-cli/javascripts/index.js]
[learnpythonthehardway.org/book/appendix-a-cli/javascripts/app.js]
[learnpythonthehardway.org/book/appendix-a-cli/javascripts/littools.html]
[learnpythonthehardway.org/book/appendix-a-cli/fonts/fontawesome-webfontba72.svg]
[learnpythonthehardway.org/book/appendix-a-cli/fonts/myriadpro-cond.svg]
